2020-07-01 23:02:32
true :SELECT * FROM `hisi_teacher` LIMIT 1
2020-07-01 23:02:33
true :SELECT * FROM `hisi_teacher` LIMIT 1
2020-07-01 23:02:57
true :SELECT * FROM `hisi_teacher` LIMIT 1
2020-07-01 23:06:57
true :SELECT COUNT(*) FROM `hisi_teacher`
2020-07-01 23:06:58
true :SELECT COUNT(*) FROM `hisi_teacher`
2020-07-01 23:07:49
true :SELECT COUNT(*) FROM `hisi_teacher`
2020-07-01 23:10:57
true :SELECT COUNT(*) FROM `hisi_teacher`
2020-07-01 23:12:10
true :SELECT COUNT(*) FROM `hisi_teacher`
2020-07-01 23:12:19
true :SELECT COUNT(*) FROM `hisi_teacher`
2020-07-01 23:14:04
true :SELECT COUNT(*) FROM `hisi_teacher`
2020-07-01 23:14:05
true :SELECT COUNT(*) FROM `hisi_teacher`
2020-07-01 23:14:06
true :SELECT COUNT(*) FROM `hisi_teacher`
2020-07-01 23:14:18
true :SELECT COUNT(*) FROM `hisi_teacher`
2020-07-01 23:14:19
true :SELECT COUNT(*) FROM `hisi_teacher`
2020-07-01 23:14:24
true :SELECT COUNT(*) FROM `hisi_teacher`
2020-07-01 23:14:52
true :SELECT COUNT(*) FROM `hisi_teacher`
2020-07-01 23:14:52
true :SELECT COUNT(*) FROM `hisi_teacher`
2020-07-01 23:14:58
true :SELECT COUNT(*) FROM `hisi_teacher`
2020-07-01 23:15:15
true :SELECT COUNT(*) FROM `hisi_teacher`
2020-07-01 23:15:48
true :SELECT COUNT(*) FROM `hisi_teacher`
2020-07-01 23:15:49
true :SELECT COUNT(*) FROM `hisi_teacher`
2020-07-01 23:17:15
true :SELECT COUNT(*) FROM `hisi_teacher`
2020-07-01 23:17:15
true :SELECT COUNT(*) FROM `hisi_student`
2020-07-01 23:17:15
true :SELECT * FROM `hisi_news`
2020-07-01 23:24:21
true :SELECT COUNT(*) FROM `hisi_teacher`
2020-07-01 23:24:21
true :SELECT COUNT(*) FROM `hisi_student`
2020-07-01 23:24:21
true :SELECT * FROM `hisi_news`
2020-07-01 23:24:43
true :SELECT COUNT(*) FROM `hisi_teacher`
2020-07-01 23:24:43
true :SELECT COUNT(*) FROM `hisi_student`
2020-07-01 23:24:43
true :SELECT * FROM `hisi_news`
2020-07-01 23:25:12
true :SELECT COUNT(*) FROM `hisi_teacher`
2020-07-01 23:25:12
true :SELECT COUNT(*) FROM `hisi_student`
2020-07-01 23:25:12
true :SELECT * FROM `hisi_news`
2020-07-01 23:25:13
true :SELECT COUNT(*) FROM `hisi_teacher`
2020-07-01 23:25:13
true :SELECT COUNT(*) FROM `hisi_student`
2020-07-01 23:25:13
true :SELECT * FROM `hisi_news`
2020-07-01 23:25:18
true :SELECT COUNT(*) FROM `hisi_teacher`
2020-07-01 23:25:18
true :SELECT COUNT(*) FROM `hisi_student`
2020-07-01 23:25:18
true :SELECT * FROM `hisi_news`
2020-07-01 23:25:19
true :SELECT COUNT(*) FROM `hisi_teacher`
2020-07-01 23:25:19
true :SELECT COUNT(*) FROM `hisi_student`
2020-07-01 23:25:19
true :SELECT * FROM `hisi_news`
2020-07-01 23:25:19
true :SELECT COUNT(*) FROM `hisi_teacher`
2020-07-01 23:25:19
true :SELECT COUNT(*) FROM `hisi_student`
2020-07-01 23:25:19
true :SELECT * FROM `hisi_news`
2020-07-01 23:25:44
true :SELECT COUNT(*) FROM `hisi_teacher`
2020-07-01 23:26:08
true :SELECT COUNT(*) FROM `hisi_teacher`
2020-07-01 23:26:08
true :SELECT COUNT(*) FROM `hisi_student`
2020-07-01 23:26:08
true :SELECT * FROM `hisi_news`
2020-07-01 23:26:55
true :SELECT * FROM `hisi_teacher`
2020-07-01 23:27:04
true :SELECT * FROM `hisi_teacher`
2020-07-01 23:27:06
true :SELECT * FROM `hisi_teacher`
2020-07-01 23:30:55
true :SELECT * FROM `hisi_student_special`
2020-07-01 23:31:56
true :SELECT * FROM `hisi_student_special`
2020-07-01 23:31:58
true :SELECT * FROM `hisi_student_special`
2020-07-01 23:32:25
true :SELECT * FROM `hisi_course`
2020-07-01 23:32:25
true :SELECT * FROM `hisi_course`
2020-07-01 23:32:57
true :SELECT * FROM `hisi_course`
2020-07-01 23:32:57
true :SELECT * FROM `hisi_course`
2020-07-01 23:33:13
true :SELECT * FROM `hisi_course`
2020-07-01 23:33:13
true :SELECT * FROM `hisi_course`
2020-07-01 23:33:28
true :SELECT * FROM `hisi_course`
2020-07-01 23:33:28
true :SELECT * FROM `hisi_course`
2020-07-01 23:33:42
true :SELECT * FROM `hisi_course`
2020-07-01 23:33:42
true :SELECT * FROM `hisi_course`
2020-07-01 23:35:25
true :SELECT * FROM `hisi_course`
2020-07-01 23:35:25
true :SELECT * FROM `hisi_course`
2020-07-01 23:35:25
true :SELECT * FROM `hisi_teacher` LIMIT 1
2020-07-01 23:35:25
true :SELECT * FROM `hisi_teacher` LIMIT 1
2020-07-01 23:35:25
true :SELECT * FROM `hisi_teacher` LIMIT 1
2020-07-01 23:35:44
true :SELECT * FROM `hisi_course`
2020-07-01 23:35:44
true :SELECT * FROM `hisi_course`
2020-07-01 23:35:44
true :SELECT * FROM `hisi_teacher` LIMIT 1
2020-07-01 23:35:44
true :SELECT * FROM `hisi_teacher` LIMIT 1
2020-07-01 23:35:44
true :SELECT * FROM `hisi_teacher` LIMIT 1
2020-07-01 23:35:52
true :SELECT * FROM `hisi_course`
2020-07-01 23:35:52
true :SELECT * FROM `hisi_course`
2020-07-01 23:35:52
true :SELECT * FROM `hisi_teacher` LIMIT 1
2020-07-01 23:35:52
true :SELECT * FROM `hisi_teacher` LIMIT 1
2020-07-01 23:35:52
true :SELECT * FROM `hisi_teacher` LIMIT 1
2020-07-01 23:36:16
true :SELECT * FROM `hisi_course`
2020-07-01 23:36:16
true :SELECT * FROM `hisi_course`
2020-07-01 23:36:28
true :SELECT * FROM `hisi_course`
2020-07-01 23:36:28
true :SELECT * FROM `hisi_course`
2020-07-01 23:36:28
true :SELECT * FROM `hisi_system_user` LIMIT 1
2020-07-01 23:36:28
true :SELECT * FROM `hisi_system_user` LIMIT 1
2020-07-01 23:36:28
true :SELECT * FROM `hisi_system_user` LIMIT 1
2020-07-01 23:36:43
true :SELECT * FROM `hisi_course`
2020-07-01 23:36:43
true :SELECT * FROM `hisi_course`
2020-07-01 23:36:43
true :SELECT * FROM `hisi_system_user` LIMIT 1
2020-07-01 23:36:43
true :SELECT * FROM `hisi_system_user` LIMIT 1
2020-07-01 23:36:43
true :SELECT * FROM `hisi_system_user` LIMIT 1
2020-07-01 23:36:48
true :SELECT * FROM `hisi_course`
2020-07-01 23:36:48
true :SELECT * FROM `hisi_course`
2020-07-01 23:36:48
true :SELECT * FROM `hisi_system_user` LIMIT 1
2020-07-01 23:36:48
true :SELECT * FROM `hisi_system_user` LIMIT 1
2020-07-01 23:36:48
true :SELECT * FROM `hisi_system_user` LIMIT 1
2020-07-01 23:36:57
true :SELECT * FROM `hisi_course`
2020-07-01 23:36:57
true :SELECT * FROM `hisi_course`
2020-07-01 23:36:57
true :SELECT * FROM `hisi_system_user` LIMIT 1
2020-07-01 23:36:57
true :SELECT * FROM `hisi_system_user` LIMIT 1
2020-07-01 23:36:57
true :SELECT * FROM `hisi_system_user` LIMIT 1
2020-07-01 23:37:07
true :SELECT * FROM `hisi_course`
2020-07-01 23:37:07
true :SELECT * FROM `hisi_course`
2020-07-01 23:37:07
true :SELECT * FROM `hisi_system_user` LIMIT 1
2020-07-01 23:37:07
true :SELECT * FROM `hisi_system_user` LIMIT 1
2020-07-01 23:37:07
true :SELECT * FROM `hisi_system_user` LIMIT 1
2020-07-01 23:37:23
true :SELECT * FROM `hisi_course`
2020-07-01 23:37:23
true :SELECT * FROM `hisi_course`
2020-07-01 23:37:23
true :SELECT * FROM `hisi_system_user` LIMIT 1
2020-07-01 23:37:23
true :SELECT * FROM `hisi_system_user` LIMIT 1
2020-07-01 23:37:23
true :SELECT * FROM `hisi_system_user` LIMIT 1
2020-07-01 23:37:43
true :SELECT * FROM `hisi_course`
2020-07-01 23:37:43
true :SELECT * FROM `hisi_course`
2020-07-01 23:37:43
true :SELECT * FROM `hisi_system_user` LIMIT 1
2020-07-01 23:37:43
true :SELECT * FROM `hisi_system_user` LIMIT 1
2020-07-01 23:37:43
true :SELECT * FROM `hisi_system_user` LIMIT 1
2020-07-01 23:37:46
true :SELECT * FROM `hisi_course`
2020-07-01 23:37:46
true :SELECT * FROM `hisi_course`
2020-07-01 23:37:46
true :SELECT * FROM `hisi_system_user` LIMIT 1
2020-07-01 23:37:46
true :SELECT * FROM `hisi_system_user` LIMIT 1
2020-07-01 23:37:46
true :SELECT * FROM `hisi_system_user` LIMIT 1
2020-07-01 23:38:11
true :SELECT * FROM `hisi_job`
2020-07-01 23:39:36
true :SELECT * FROM `hisi_teacher`
2020-07-01 23:39:36
true :SELECT * FROM `hisi_student_special`
2020-07-01 23:39:36
true :SELECT * FROM `hisi_student_special`
2020-07-01 23:39:38
true :SELECT * FROM `hisi_job`
2020-07-01 23:39:39
true :SELECT * FROM `hisi_course`
2020-07-01 23:39:39
true :SELECT * FROM `hisi_course`
2020-07-01 23:39:39
true :SELECT * FROM `hisi_system_user` LIMIT 1
2020-07-01 23:39:39
true :SELECT * FROM `hisi_system_user` LIMIT 1
2020-07-01 23:39:39
true :SELECT * FROM `hisi_system_user` LIMIT 1
2020-07-01 23:39:40
true :SELECT * FROM `hisi_teacher`
2020-07-01 23:39:40
true :SELECT * FROM `hisi_student_special`
2020-07-01 23:39:40
true :SELECT * FROM `hisi_course`
2020-07-01 23:39:40
true :SELECT * FROM `hisi_course`
2020-07-01 23:39:40
true :SELECT * FROM `hisi_system_user` LIMIT 1
2020-07-01 23:39:40
true :SELECT * FROM `hisi_system_user` LIMIT 1
2020-07-01 23:39:40
true :SELECT * FROM `hisi_system_user` LIMIT 1
2020-07-02 08:02:29
true :SELECT * FROM `hisi_front_user` WHERE  1=1  AND name = 'qweqwe' LIMIT 1
2020-07-02 08:03:14
true :SELECT * FROM `hisi_front_user` WHERE  1=1  AND name = 'qweqwe' LIMIT 1
2020-07-02 08:03:39
true :SELECT * FROM `hisi_front_user` WHERE  1=1  AND name = 'qweqwe' LIMIT 1
2020-07-02 08:03:47
true :SELECT * FROM `hisi_front_user` WHERE  1=1  AND name = 'qweqwe' LIMIT 1
2020-07-02 08:04:20
true :SELECT * FROM `hisi_front_user` WHERE  1=1  AND name = 'qweqwe' LIMIT 1
2020-07-02 08:04:32
true :SELECT * FROM `hisi_front_user` WHERE  1=1  AND name = 'qweqwe' LIMIT 1
2020-07-02 08:05:09
true :SELECT * FROM `hisi_front_user` WHERE  1=1  AND name = 'qweqwe' LIMIT 1
2020-07-02 08:05:09
true :SELECT COUNT(*) FROM `hisi_teacher`
2020-07-02 08:05:09
true :SELECT COUNT(*) FROM `hisi_student`
2020-07-02 08:05:09
true :SELECT * FROM `hisi_news`
2020-07-02 08:05:48
true :SELECT COUNT(*) FROM `hisi_teacher`
2020-07-02 08:05:48
true :SELECT COUNT(*) FROM `hisi_student`
2020-07-02 08:05:48
true :SELECT * FROM `hisi_news`
2020-07-02 08:06:43
true :SELECT * FROM `hisi_front_user` LIMIT 1
2020-07-02 08:06:43
true :SELECT COUNT(*) FROM `hisi_teacher`
2020-07-02 08:06:43
true :SELECT COUNT(*) FROM `hisi_student`
2020-07-02 08:06:43
true :SELECT * FROM `hisi_news`
2020-07-02 08:09:12
true :SELECT COUNT(*) FROM `hisi_teacher`
2020-07-02 08:09:12
true :SELECT COUNT(*) FROM `hisi_student`
2020-07-02 08:09:12
true :SELECT * FROM `hisi_news`
2020-07-02 08:09:21
true :SELECT * FROM `hisi_front_user` WHERE  1=1  AND name = 'qweqwe' LIMIT 1
2020-07-02 08:09:21
true :SELECT * FROM `hisi_front_user` LIMIT 1
2020-07-02 08:09:21
true :SELECT COUNT(*) FROM `hisi_teacher`
2020-07-02 08:09:21
true :SELECT COUNT(*) FROM `hisi_student`
2020-07-02 08:09:21
true :SELECT * FROM `hisi_news`
2020-07-02 08:09:25
true :SELECT * FROM `hisi_front_user` LIMIT 1
2020-07-02 08:09:25
true :SELECT COUNT(*) FROM `hisi_teacher`
2020-07-02 08:09:25
true :SELECT COUNT(*) FROM `hisi_student`
2020-07-02 08:09:25
true :SELECT * FROM `hisi_news`
